  Ball.cpp
c:\users\jeanl\desktop\code\c\exo\cassebriquejeu\ball.cpp(9): warning C4244: 'argument' : conversion de 'time_t' en 'unsigned int', perte possible de données
c:\users\jeanl\desktop\code\c\exo\cassebriquejeu\ball.cpp(18): warning C4244: '=' : conversion de 'double' en 'T', perte possible de données
          with
          [
              T=float
          ]
c:\users\jeanl\desktop\code\c\exo\cassebriquejeu\ball.cpp(19): warning C4244: '=' : conversion de 'double' en 'T', perte possible de données
          with
          [
              T=float
          ]
c:\users\jeanl\desktop\code\c\exo\cassebriquejeu\ball.cpp(24): warning C4244: '=' : conversion de 'int' en 'T', perte possible de données
          with
          [
              T=float
          ]
c:\users\jeanl\desktop\code\c\exo\cassebriquejeu\ball.cpp(25): warning C4244: '=' : conversion de 'int' en 'T', perte possible de données
          with
          [
              T=float
          ]
c:\users\jeanl\desktop\code\c\exo\cassebriquejeu\ball.cpp(29): warning C4244: 'argument' : conversion de 'int' en 'float', perte possible de données
c:\users\jeanl\desktop\code\c\exo\cassebriquejeu\ball.cpp(88): warning C4244: '=' : conversion de 'T' en 'T', perte possible de données
          with
          [
              T=unsigned int
          ]
          and
          [
              T=float
          ]
c:\users\jeanl\desktop\code\c\exo\cassebriquejeu\ball.cpp(99): warning C4244: '=' : conversion de 'T' en 'T', perte possible de données
          with
          [
              T=unsigned int
          ]
          and
          [
              T=float
          ]
  main.cpp
c:\users\jeanl\desktop\code\c\exo\cassebriquejeu\main.cpp(41): warning C4244: 'argument' : conversion de 'T' en 'T', perte possible de données
          with
          [
              T=unsigned int
          ]
          and
          [
              T=float
          ]
  Génération de code en cours...
  TemplateSFML.vcxproj -> C:\Users\jeanl\Desktop\Code\C\exo\CasseBriqueJeu\x64\Debug\TemplateSFML.exe
